2022-08-21T06:45:56.800Z INFO @wdio/local-runner: Run worker command: run
2022-08-21T06:45:57.244Z INFO webdriver: Initiate new session using the WebDriver protocol
2022-08-21T06:45:57.318Z INFO webdriver: [POST] http://localhost:9515/session
2022-08-21T06:45:57.318Z INFO webdriver: DATA {
  capabilities: {
    alwaysMatch: { browserName: 'chrome', acceptInsecureCerts: true },
    firstMatch: [ {} ]
  },
  desiredCapabilities: { browserName: 'chrome', acceptInsecureCerts: true }
}
2022-08-21T06:45:58.223Z INFO webdriver: COMMAND navigateTo("http://3.111.106.69/")
2022-08-21T06:45:58.226Z INFO webdriver: [POST] http://localhost:9515/session/1587a74dfe07d5130c9436d34513010c/url
2022-08-21T06:45:58.226Z INFO webdriver: DATA { url: 'http://3.111.106.69/' }
2022-08-21T06:46:01.754Z INFO webdriver: COMMAND takeScreenshot()
2022-08-21T06:46:01.755Z INFO webdriver: [GET] http://localhost:9515/session/1587a74dfe07d5130c9436d34513010c/screenshot
2022-08-21T06:46:01.884Z INFO webdriver: RESULT iVBORw0KGgoAAAANSUhEUgAABhIAAAMSCAYAAACPk16JAAAAAXNSR0IArs4c6...
2022-08-21T06:46:01.892Z INFO webdriver: COMMAND getTitle()
2022-08-21T06:46:01.893Z INFO webdriver: [GET] http://localhost:9515/session/1587a74dfe07d5130c9436d34513010c/title
2022-08-21T06:46:01.898Z INFO webdriver: RESULT SPICE
2022-08-21T06:46:01.901Z INFO webdriver: COMMAND takeScreenshot()
2022-08-21T06:46:01.901Z INFO webdriver: [GET] http://localhost:9515/session/1587a74dfe07d5130c9436d34513010c/screenshot
2022-08-21T06:46:02.011Z INFO webdriver: RESULT iVBORw0KGgoAAAANSUhEUgAABhIAAAMSCAYAAACPk16JAAAAAXNSR0IArs4c6...
2022-08-21T06:46:02.015Z INFO webdriver: COMMAND findElement("css selector", "input[name="email"]")
2022-08-21T06:46:02.016Z INFO webdriver: [POST] http://localhost:9515/session/1587a74dfe07d5130c9436d34513010c/element
2022-08-21T06:46:02.016Z INFO webdriver: DATA { using: 'css selector', value: 'input[name="email"]' }
2022-08-21T06:46:02.027Z INFO webdriver: RESULT {
  'element-6066-11e4-a52e-4f735466cecf': '1c81f4c1-625e-4045-b6b4-7fecefcb1fb0'
}
2022-08-21T06:46:02.033Z INFO webdriver: COMMAND executeScript(<fn>, <object>)
2022-08-21T06:46:02.034Z INFO webdriver: [POST] http://localhost:9515/session/1587a74dfe07d5130c9436d34513010c/execute/sync
2022-08-21T06:46:02.034Z INFO webdriver: DATA {
  script: 'isElementDisplayed(...) [7962 bytes]',
  args: [
    {
      'element-6066-11e4-a52e-4f735466cecf': '1c81f4c1-625e-4045-b6b4-7fecefcb1fb0',
      ELEMENT: '1c81f4c1-625e-4045-b6b4-7fecefcb1fb0'
    }
  ]
}
2022-08-21T06:46:02.042Z INFO webdriver: RESULT true
2022-08-21T06:46:02.043Z INFO webdriver: COMMAND elementClear("1c81f4c1-625e-4045-b6b4-7fecefcb1fb0")
2022-08-21T06:46:02.043Z INFO webdriver: [POST] http://localhost:9515/session/1587a74dfe07d5130c9436d34513010c/element/1c81f4c1-625e-4045-b6b4-7fecefcb1fb0/clear
2022-08-21T06:46:02.081Z INFO webdriver: COMMAND elementSendKeys("1c81f4c1-625e-4045-b6b4-7fecefcb1fb0", "rajkumar@spice.mdt")
2022-08-21T06:46:02.081Z INFO webdriver: [POST] http://localhost:9515/session/1587a74dfe07d5130c9436d34513010c/element/1c81f4c1-625e-4045-b6b4-7fecefcb1fb0/value
2022-08-21T06:46:02.081Z INFO webdriver: DATA { text: 'rajkumar@spice.mdt' }
2022-08-21T06:46:05.075Z INFO webdriver: COMMAND takeScreenshot()
2022-08-21T06:46:05.075Z INFO webdriver: [GET] http://localhost:9515/session/5a36a1fec95ef2e5eeed439dc6c80c4e/screenshot
2022-08-21T06:46:05.198Z INFO webdriver: RESULT iVBORw0KGgoAAAANSUhEUgAABhIAAAMSCAYAAACPk16JAAAAAXNSR0IArs4c6...
2022-08-21T06:46:05.225Z INFO webdriver: COMMAND deleteSession()
2022-08-21T06:46:05.226Z INFO webdriver: [DELETE] http://localhost:9515/session/5a36a1fec95ef2e5eeed439dc6c80c4e
on/1587a74dfe07d5130c9436d34513010c/element
2022-08-21T06:46:04.299Z INFO webdriver: DATA { using: 'css selector', value: 'input[name="password"]' }
2022-08-21T06:46:04.312Z INFO webdriver: RESULT {
  'element-6066-11e4-a52e-4f735466cecf': '78feb7eb-fb0f-446d-bd45-bc8ec380d614'
}
2022-08-21T06:46:04.316Z INFO webdriver: COMMAND executeScript(<fn>, <object>)
2022-08-21T06:46:04.317Z INFO webdriver: [POST] http://localhost:9515/session/1587a74dfe07d5130c9436d34513010c/execute/sync
2022-08-21T06:46:04.317Z INFO webdriver: DATA {
  script: 'isElementDisplayed(...) [7962 bytes]',
  args: [
    {
      'element-6066-11e4-a52e-4f735466cecf': '78feb7eb-fb0f-446d-bd45-bc8ec380d614',
      ELEMENT: '78feb7eb-fb0f-446d-bd45-bc8ec380d614'
    }
  ]
}
2022-08-21T06:46:04.328Z INFO webdriver: RESULT true
2022-08-21T06:46:04.328Z INFO webdriver: COMMAND elementClear("78feb7eb-fb0f-446d-bd45-bc8ec380d614")
2022-08-21T06:46:04.329Z INFO webdriver: [POST] http://localhost:9515/session/1587a74dfe07d5130c9436d34513010c/element/78feb7eb-fb0f-446d-bd45-bc8ec380d614/clear
2022-08-21T06:46:04.367Z INFO webdriver: COMMAND elementSendKeys("78feb7eb-fb0f-446d-bd45-bc8ec380d614", "<Screenshot[base64]>")
2022-08-21T06:46:04.368Z INFO webdriver: [POST] http://localhost:9515/session/1587a74dfe07d5130c9436d34513010c/element/78feb7eb-fb0f-446d-bd45-bc8ec380d614/value
2022-08-21T06:46:04.368Z INFO webdriver: DATA { text: 'Spice123' }
2022-08-21T06:46:06.445Z INFO webdriver: COMMAND takeScreenshot()
2022-08-21T06:46:06.445Z INFO webdriver: [GET] http://localhost:9515/session/1587a74dfe07d5130c9436d34513010c/screenshot
2022-08-21T06:46:06.574Z INFO webdriver: RESULT iVBORw0KGgoAAAANSUhEUgAABhIAAAMSCAYAAACPk16JAAAAAXNSR0IArs4c6...
2022-08-21T06:46:06.576Z INFO webdriver: COMMAND findElement("css selector", "button[type="submit"]")
2022-08-21T06:46:06.576Z INFO webdriver: [POST] http://localhost:9515/session/1587a74dfe07d5130c9436d34513010c/element
2022-08-21T06:46:06.576Z INFO webdriver: DATA { using: 'css selector', value: 'button[type="submit"]' }
2022-08-21T06:46:06.589Z INFO webdriver: RESULT {
  'element-6066-11e4-a52e-4f735466cecf': '75361f40-cabc-4595-9d1e-8df037f7b7c7'
}
2022-08-21T06:46:06.591Z INFO webdriver: COMMAND executeScript(<fn>, <object>)
2022-08-21T06:46:06.592Z INFO webdriver: [POST] http://localhost:9515/session/1587a74dfe07d5130c9436d34513010c/execute/sync
2022-08-21T06:46:06.592Z INFO webdriver: DATA {
  script: 'isElementDisplayed(...) [7962 bytes]',
  args: [
    {
      'element-6066-11e4-a52e-4f735466cecf': '75361f40-cabc-4595-9d1e-8df037f7b7c7',
      ELEMENT: '75361f40-cabc-4595-9d1e-8df037f7b7c7'
    }
  ]
}
2022-08-21T06:46:06.599Z INFO webdriver: RESULT true
2022-08-21T06:46:06.600Z INFO webdriver: COMMAND elementClick("75361f40-cabc-4595-9d1e-8df037f7b7c7")
2022-08-21T06:46:06.600Z INFO webdriver: [POST] http://localhost:9515/session/1587a74dfe07d5130c9436d34513010c/element/75361f40-cabc-4595-9d1e-8df037f7b7c7/click
2022-08-21T06:46:08.674Z INFO webdriver: COMMAND takeScreenshot()
2022-08-21T06:46:08.675Z INFO webdriver: [GET] http://localhost:9515/session/1587a74dfe07d5130c9436d34513010c/screenshot
2022-08-21T06:46:08.784Z INFO webdriver: RESULT iVBORw0KGgoAAAANSUhEUgAABhIAAAMSCAYAAACPk16JAAAAAXNSR0IArs4c6...
2022-08-21T06:46:08.787Z INFO webdriver: COMMAND findElement("xpath", "//div[@class="subtle-small-text"]/preceding-sibling::div")
2022-08-21T06:46:08.787Z INFO webdriver: [POST] http://localhost:9515/session/1587a74dfe07d5130c9436d34513010c/element
2022-08-21T06:46:08.787Z INFO webdriver: DATA {
  using: 'xpath',
  value: '//div[@class="subtle-small-text"]/preceding-sibling::div'
}
2022-08-21T06:46:08.799Z INFO webdriver: RESULT {
  'element-6066-11e4-a52e-4f735466cecf': '2d732816-094c-44ee-a9d0-a9600f79f571'
}
2022-08-21T06:46:08.802Z INFO webdriver: COMMAND executeScript(<fn>, <object>)
2022-08-21T06:46:08.802Z INFO webdriver: [POST] http://localhost:9515/session/1587a74dfe07d5130c9436d34513010c/execute/sync
2022-08-21T06:46:08.802Z INFO webdriver: DATA {
  script: 'isElementDisplayed(...) [7962 bytes]',
  args: [
    {
      'element-6066-11e4-a52e-4f735466cecf': '2d732816-094c-44ee-a9d0-a9600f79f571',
      ELEMENT: '2d732816-094c-44ee-a9d0-a9600f79f571'
    }
  ]
}
2022-08-21T06:46:08.809Z INFO webdriver: RESULT true
2022-08-21T06:46:08.810Z INFO webdriver: COMMAND getElementText("2d732816-094c-44ee-a9d0-a9600f79f571")
2022-08-21T06:46:08.810Z INFO webdriver: [GET] http://localhost:9515/session/1587a74dfe07d5130c9436d34513010c/element/2d732816-094c-44ee-a9d0-a9600f79f571/text
2022-08-21T06:46:08.824Z INFO webdriver: RESULT Rajkumar M
2022-08-21T06:46:08.825Z INFO webdriver: COMMAND takeScreenshot()
2022-08-21T06:46:08.825Z INFO webdriver: [GET] http://localhost:9515/session/1587a74dfe07d5130c9436d34513010c/screenshot
2022-08-21T06:46:08.944Z INFO webdriver: RESULT iVBORw0KGgoAAAANSUhEUgAABhIAAAMSCAYAAACPk16JAAAAAXNSR0IArs4c6...
2022-08-21T06:46:08.954Z INFO webdriver: COMMAND findElement("xpath", "//div[@class="subtle-small-text"]")
2022-08-21T06:46:08.954Z INFO webdriver: [POST] http://localhost:9515/session/1587a74dfe07d5130c9436d34513010c/element
2022-08-21T06:46:08.954Z INFO webdriver: DATA { using: 'xpath', value: '//div[@class="subtle-small-text"]' }
2022-08-21T06:46:08.963Z INFO webdriver: RESULT {
  'element-6066-11e4-a52e-4f735466cecf': 'fdceedb9-4f2a-47da-b990-5a28534dd96e'
}
2022-08-21T06:46:08.966Z INFO webdriver: COMMAND executeScript(<fn>, <object>)
2022-08-21T06:46:08.966Z INFO webdriver: [POST] http://localhost:9515/session/1587a74dfe07d5130c9436d34513010c/execute/sync
2022-08-21T06:46:08.966Z INFO webdriver: DATA {
  script: 'isElementDisplayed(...) [7962 bytes]',
  args: [
    {
      'element-6066-11e4-a52e-4f735466cecf': 'fdceedb9-4f2a-47da-b990-5a28534dd96e',
      ELEMENT: 'fdceedb9-4f2a-47da-b990-5a28534dd96e'
    }
  ]
}
2022-08-21T06:46:08.979Z INFO webdriver: RESULT true
2022-08-21T06:46:08.980Z INFO webdriver: COMMAND getElementText("fdceedb9-4f2a-47da-b990-5a28534dd96e")
2022-08-21T06:46:08.980Z INFO webdriver: [GET] http://localhost:9515/session/1587a74dfe07d5130c9436d34513010c/element/fdceedb9-4f2a-47da-b990-5a28534dd96e/text
2022-08-21T06:46:08.995Z INFO webdriver: RESULT Super Admin
2022-08-21T06:46:08.997Z INFO webdriver: COMMAND takeScreenshot()
2022-08-21T06:46:08.997Z INFO webdriver: [GET] http://localhost:9515/session/1587a74dfe07d5130c9436d34513010c/screenshot
2022-08-21T06:46:09.133Z INFO webdriver: RESULT iVBORw0KGgoAAAANSUhEUgAABhIAAAMSCAYAAACPk16JAAAAAXNSR0IArs4c6...
2022-08-21T06:46:09.167Z INFO webdriver: COMMAND deleteSession()
2022-08-21T06:46:09.167Z INFO webdriver: [DELETE] http://localhost:9515/session/1587a74dfe07d5130c9436d34513010c
